<?xml version="1.0" encoding="UTF-8"?><testrun name="QuestionTest" project="testdrivendevelopment" tests="11" started="11" failures="0" errors="1" ignored="0">
  <testsuite name="com.qa.testdrivendevelopment.QuestionTest" time="0.001">
    <testcase name="multiCharTest" classname="com.qa.testdrivendevelopment.QuestionTest" time="0.001"/>
    <testcase name="largestTest" classname="com.qa.testdrivendevelopment.QuestionTest" time="0.0"/>
    <testcase name="endsJavaTest" classname="com.qa.testdrivendevelopment.QuestionTest" time="0.0"/>
    <testcase name="greetingExampleTest" classname="com.qa.testdrivendevelopment.QuestionTest" time="0.0"/>
    <testcase name="fizzBuzzTest" classname="com.qa.testdrivendevelopment.QuestionTest" time="0.0"/>
    <testcase name="comparesTest" classname="com.qa.testdrivendevelopment.QuestionTest" time="0.0">
      <error>java.lang.StringIndexOutOfBoundsException: String index out of range: 3&#13;
	at java.base/java.lang.StringLatin1.charAt(StringLatin1.java:48)&#13;
	at java.base/java.lang.String.charAt(String.java:711)&#13;
	at com.qa.testdrivendevelopment.Questions.compares(Questions.java:365)&#13;
	at com.qa.testdrivendevelopment.QuestionTest.comparesTest(QuestionTest.java:109)&#13;
	at java.base/jdk.internal.reflect.NativeMethodAccessorImpl.invoke0(Native Method)&#13;
	at java.base/jdk.internal.reflect.NativeMethodAccessorImpl.invoke(NativeMethodAccessorImpl.java:62)&#13;
	at java.base/jdk.internal.reflect.DelegatingMethodAccessorImpl.invoke(DelegatingMethodAccessorImpl.java:43)&#13;
	at java.base/java.lang.reflect.Method.invoke(Method.java:564)&#13;
	at org.junit.runners.model.FrameworkMethod$1.runReflectiveCall(FrameworkMethod.java:50)&#13;
	at org.junit.internal.runners.model.ReflectiveCallable.run(ReflectiveCallable.java:12)&#13;
	at org.junit.runners.model.FrameworkMethod.invokeExplosively(FrameworkMethod.java:47)&#13;
	at org.junit.internal.runners.statements.InvokeMethod.evaluate(InvokeMethod.java:17)&#13;
	at org.junit.runners.ParentRunner.runLeaf(ParentRunner.java:325)&#13;
	at org.junit.runners.BlockJUnit4ClassRunner.runChild(BlockJUnit4ClassRunner.java:78)&#13;
	at org.junit.runners.BlockJUnit4ClassRunner.runChild(BlockJUnit4ClassRunner.java:57)&#13;
	at org.junit.runners.ParentRunner$3.run(ParentRunner.java:290)&#13;
	at org.junit.runners.ParentRunner$1.schedule(ParentRunner.java:71)&#13;
	at org.junit.runners.ParentRunner.runChildren(ParentRunner.java:288)&#13;
	at org.junit.runners.ParentRunner.access$000(ParentRunner.java:58)&#13;
	at org.junit.runners.ParentRunner$2.evaluate(ParentRunner.java:268)&#13;
	at org.junit.runners.ParentRunner.run(ParentRunner.java:363)&#13;
	at org.eclipse.jdt.internal.junit4.runner.JUnit4TestReference.run(JUnit4TestReference.java:93)&#13;
	at org.eclipse.jdt.internal.junit.runner.TestExecution.run(TestExecution.java:40)&#13;
	at org.eclipse.jdt.internal.junit.runner.RemoteTestRunner.runTests(RemoteTestRunner.java:529)&#13;
	at org.eclipse.jdt.internal.junit.runner.RemoteTestRunner.runTests(RemoteTestRunner.java:756)&#13;
	at org.eclipse.jdt.internal.junit.runner.RemoteTestRunner.run(RemoteTestRunner.java:452)&#13;
	at org.eclipse.jdt.internal.junit.runner.RemoteTestRunner.main(RemoteTestRunner.java:210)&#13;
&#13;
</error>
    </testcase>
    <testcase name="superBlockTest" classname="com.qa.testdrivendevelopment.QuestionTest" time="0.0"/>
    <testcase name="sandwichFillingTest" classname="com.qa.testdrivendevelopment.QuestionTest" time="0.0"/>
    <testcase name="evenlySpacedTest" classname="com.qa.testdrivendevelopment.QuestionTest" time="0.0"/>
    <testcase name="nMidTest" classname="com.qa.testdrivendevelopment.QuestionTest" time="0.0"/>
    <testcase name="amISearchTest" classname="com.qa.testdrivendevelopment.QuestionTest" time="0.0"/>
  </testsuite>
</testrun>
